    Checking getrandom v0.2.16
    Checking web-sys v0.3.82
    Checking wasm-bindgen-futures v0.4.55
    Checking serde-wasm-bindgen v0.6.5
    Checking cedar-policy-core v2.4.2
    Checking chrono v0.4.42
   Compiling ring v0.17.14
    Checking simple_asn1 v0.6.3
   Compiling revision-derive v0.7.0
    Checking async_io_stream v0.3.3
    Checking geo v0.26.0
    Checking salsa20 v0.10.2
warning: ring@0.17.14: Compiler family detection failed due to error: ToolNotFound: failed to find tool "clang": program not found (see https://docs.rs/cc/latest/cc/#compile-time-requirements for help)
warning: ring@0.17.14: Compiler family detection failed due to error: ToolNotFound: failed to find tool "clang": program not found (see https://docs.rs/cc/latest/cc/#compile-time-requirements for help)
error: failed to run custom build command for `ring v0.17.14`

Caused by:
  process didn't exit successfully: `C:\Users\denil\Desktop\uci\target\debug\build\ring-89e1170b87eb10b9\build-script-build` (exit code: 1)
  --- stdout
  cargo:rerun-if-env-changed=CARGO_MANIFEST_DIR
  cargo:rerun-if-env-changed=CARGO_PKG_NAME
  cargo:rerun-if-env-changed=CARGO_PKG_VERSION_MAJOR
  cargo:rerun-if-env-changed=CARGO_PKG_VERSION_MINOR
  cargo:rerun-if-env-changed=CARGO_PKG_VERSION_PATCH
  cargo:rerun-if-env-changed=CARGO_PKG_VERSION_PRE
  cargo:rerun-if-env-changed=CARGO_MANIFEST_LINKS
  cargo:rerun-if-env-changed=RING_PREGENERATE_ASM
  cargo:rerun-if-env-changed=OUT_DIR
  cargo:rerun-if-env-changed=CARGO_CFG_TARGET_ARCH
  cargo:rerun-if-env-changed=CARGO_CFG_TARGET_OS
  cargo:rerun-if-env-changed=CARGO_CFG_TARGET_ENV
  cargo:rerun-if-env-changed=CARGO_CFG_TARGET_ENDIAN
  OPT_LEVEL = Some(0)
  OUT_DIR = Some(C:\Users\denil\Desktop\uci\target\wasm32-unknown-unknown\debug\build\ring-0d9c19995e8078e4\out)
  TARGET = Some(wasm32-unknown-unknown)
  CARGO_ENCODED_RUSTFLAGS = Some()
  HOST = Some(x86_64-pc-windows-msvc)
  cargo:rerun-if-env-changed=CC_wasm32-unknown-unknown
  CC_wasm32-unknown-unknown = None
  cargo:rerun-if-env-changed=CC_wasm32_unknown_unknown
  CC_wasm32_unknown_unknown = None
  cargo:rerun-if-env-changed=TARGET_CC
  TARGET_CC = None
  cargo:rerun-if-env-changed=CC
  CC = None
  cargo:rerun-if-env-changed=CC_ENABLE_DEBUG_OUTPUT
  cargo:warning=Compiler family detection failed due to error: ToolNotFound: failed to find tool "clang": program not found (see https://docs.rs/cc/latest/cc/#compile-time-requirements for help)
  RUSTC_WRAPPER = None
  cargo:rerun-if-env-changed=CRATE_CC_NO_DEFAULTS
  CRATE_CC_NO_DEFAULTS = None
  DEBUG = Some(true)
  cargo:rerun-if-env-changed=CFLAGS
  CFLAGS = None
  cargo:rerun-if-env-changed=TARGET_CFLAGS
  TARGET_CFLAGS = None
  cargo:rerun-if-env-changed=CFLAGS_wasm32_unknown_unknown
  CFLAGS_wasm32_unknown_unknown = None
  cargo:rerun-if-env-changed=CFLAGS_wasm32-unknown-unknown
  CFLAGS_wasm32-unknown-unknown = None
  cargo:warning=Compiler family detection failed due to error: ToolNotFound: failed to find tool "clang": program not found (see https://docs.rs/cc/latest/cc/#compile-time-requirements for help)

  --- stderr


  error occurred in cc-rs: failed to find tool "clang": program not found (see https://docs.rs/cc/latest/cc/#compile-time-requirements for help)


warning: build failed, waiting for other jobs to finish...
