    Checking smallvec v1.15.1
    Checking serde_core v1.0.228
    Checking const-oid v0.9.6
    Checking crypto-common v0.1.7
    Checking subtle v2.6.1
    Checking litemap v0.8.1
    Checking writeable v0.6.2
    Checking futures-executor v0.3.31
    Checking potential_utf v0.1.4
    Checking zerotrie v0.2.3
    Checking block-buffer v0.10.4
    Checking icu_properties_data v2.1.1
    Checking icu_normalizer_data v2.1.1
    Checking icu_collections v2.1.1
    Checking aho-corasick v1.1.4
    Checking byteorder v1.5.0
    Checking digest v0.10.7
    Checking futures v0.3.31
    Checking parking_lot_core v0.9.12
    Checking base64ct v1.8.0
    Checking icu_locale_core v2.1.1
    Checking regex-syntax v0.8.8
    Checking pin-project v1.1.10
    Checking lazy_static v1.5.0
    Checking ppv-lite86 v0.2.21
    Checking utf8_iter v1.0.4
    Checking form_urlencoded v1.2.2
    Checking tracing-core v0.1.34
    Checking hashbrown v0.14.5
    Checking zeroize v1.8.2
    Checking send_wrapper v0.6.0
    Checking base64 v0.22.1
    Checking pem-rfc7468 v0.7.0
    Checking hash32 v0.2.1
    Checking num-integer v0.1.46
    Checking half v2.7.1
    Checking minimal-lexical v0.2.1
    Checking tracing v0.1.41
    Checking icu_provider v2.1.1
    Checking ciborium-io v0.2.2
    Checking heapless v0.7.17
    Checking der v0.7.10
    Checking libc v0.2.177
    Checking ciborium-ll v0.2.2
    Checking itertools v0.11.0
    Checking nom v7.1.3
    Checking inout v0.1.4
    Checking toml_write v0.1.2
    Checking tinyvec_macros v0.1.1
    Checking icu_normalizer v2.1.1
    Checking winnow v0.7.14
    Checking tinyvec v1.10.0
    Checking cipher v0.4.4
    Checking dashmap v5.5.3
    Checking rstar v0.11.0
    Checking psm v0.1.28
   Compiling cedar-policy-core v2.4.2
    Checking const_format v0.2.35
    Checking approx v0.5.1
    Checking arbitrary v1.4.2
    Checking rustc-hash v1.1.0
    Checking powerfmt v0.2.0
    Checking unicode-xid v0.2.6
    Checking spki v0.7.3
    Checking xxhash-rust v0.8.15
    Checking unicode-width v0.1.14
    Checking log v0.4.28
    Checking unicode-segmentation v1.12.0
    Checking regex-automata v0.4.13
    Checking robust v1.2.0
    Checking serde v1.0.228
    Checking indexmap v2.12.1
    Checking self_cell v1.2.1
    Checking earcutr v0.4.3
    Checking miette v5.10.0
    Checking pkcs8 v0.10.2
    Checking convert_case v0.6.0
    Checking deranged v0.5.5
    Checking rustc_lexer v0.1.0
    Checking thiserror v2.0.17
    Checking unicode-normalization v0.1.25
    Checking serde_spanned v0.6.9
    Checking toml_datetime v0.6.11
    Checking serde_qs v0.12.0
    Checking slotmap v1.0.7
    Checking ciborium v0.2.2
    Checking oco_ref v0.1.1
    Checking smol_str v0.2.2
    Checking geo-types v0.7.17
    Checking serde_json v1.0.145
    Checking toml_edit v0.22.27
    Checking stacker v0.1.22
    Checking crossbeam-utils v0.8.21
    Checking num-iter v0.1.45
    Checking sha2 v0.10.9
    Checking hmac v0.12.1
    Checking parking_lot v0.12.5
    Checking itertools v0.10.5
    Checking geographiclib-rs v0.2.5
    Checking pathdiff v0.2.3
    Checking ipnet v2.11.0
    Checking allocator-api2 v0.2.21
    Checking parking v2.2.1
    Checking wasm-bindgen v0.2.105
    Checking serde_with v3.16.1
    Checking float_next_after v1.0.0
    Checking unicode-script v0.5.7
    Checking time-core v0.1.6
    Checking regex v1.12.2
    Checking icu_properties v2.1.1
    Checking lalrpop-util v0.20.2
    Checking fastrand v2.3.0
    Checking utf8-width v0.1.8
    Checking num-conv v0.1.0
    Checking foldhash v0.1.5
    Checking futures-lite v2.6.1
    Checking html-escape v0.2.13
    Checking unicode-security v0.1.2
    Checking hashbrown v0.15.5
    Checking time v0.3.44
    Checking concurrent-queue v2.5.0
    Checking typed-builder v0.18.2
    Checking pharos v0.5.3
    Checking toml v0.8.23
    Checking js-sys v0.3.82
    Checking getrandom v0.3.4
    Checking doc-comment v0.3.4
    Checking pkcs1 v0.7.5
    Checking num-bigint v0.4.6
    Checking itertools v0.12.1
    Checking inventory v0.3.21
    Checking drain_filter_polyfill v0.1.3
    Checking rand_core v0.9.3
    Checking arrayvec v0.7.6
    Checking idna_adapter v1.2.1
    Checking config v0.14.1
    Checking bytemuck v1.24.0
    Checking pad-adapter v0.1.1
    Checking rand_chacha v0.9.0
    Checking idna v1.1.0
    Checking base64 v0.21.7
    Checking same-file v1.0.6
    Checking roaring v0.10.12
    Checking rand v0.9.2
    Checking walkdir v2.5.0
    Checking url v2.5.7
    Checking pem v2.0.1
    Checking leptos_config v0.6.15
    Checking rust_decimal v1.39.0
    Checking ahash v0.8.12
    Checking tokio v1.48.0
    Checking ref-cast v1.0.25
   Compiling ring v0.17.14
    Checking snafu v0.7.5
    Checking spade v2.15.0
warning: ring@0.17.14: Compiler family detection failed due to error: ToolNotFound: failed to find tool "clang": program not found (see https://docs.rs/cc/latest/cc/#compile-time-requirements for help)
warning: ring@0.17.14: Compiler family detection failed due to error: ToolNotFound: failed to find tool "clang": program not found (see https://docs.rs/cc/latest/cc/#compile-time-requirements for help)
error: failed to run custom build command for `ring v0.17.14`

Caused by:
  process didn't exit successfully: `C:\Users\denil\Desktop\uci\target\debug\build\ring-89e1170b87eb10b9\build-script-build` (exit code: 1)
  --- stdout
  cargo:rerun-if-env-changed=CARGO_MANIFEST_DIR
  cargo:rerun-if-env-changed=CARGO_PKG_NAME
  cargo:rerun-if-env-changed=CARGO_PKG_VERSION_MAJOR
  cargo:rerun-if-env-changed=CARGO_PKG_VERSION_MINOR
  cargo:rerun-if-env-changed=CARGO_PKG_VERSION_PATCH
  cargo:rerun-if-env-changed=CARGO_PKG_VERSION_PRE
  cargo:rerun-if-env-changed=CARGO_MANIFEST_LINKS
  cargo:rerun-if-env-changed=RING_PREGENERATE_ASM
  cargo:rerun-if-env-changed=OUT_DIR
  cargo:rerun-if-env-changed=CARGO_CFG_TARGET_ARCH
  cargo:rerun-if-env-changed=CARGO_CFG_TARGET_OS
  cargo:rerun-if-env-changed=CARGO_CFG_TARGET_ENV
  cargo:rerun-if-env-changed=CARGO_CFG_TARGET_ENDIAN
  OPT_LEVEL = Some(0)
  OUT_DIR = Some(C:\Users\denil\Desktop\uci\target\wasm32-unknown-unknown\debug\build\ring-0d9c19995e8078e4\out)
  TARGET = Some(wasm32-unknown-unknown)
  CARGO_ENCODED_RUSTFLAGS = Some()
  HOST = Some(x86_64-pc-windows-msvc)
  cargo:rerun-if-env-changed=CC_wasm32-unknown-unknown
  CC_wasm32-unknown-unknown = None
  cargo:rerun-if-env-changed=CC_wasm32_unknown_unknown
  CC_wasm32_unknown_unknown = None
  cargo:rerun-if-env-changed=TARGET_CC
  TARGET_CC = None
  cargo:rerun-if-env-changed=CC
  CC = None
  cargo:rerun-if-env-changed=CC_ENABLE_DEBUG_OUTPUT
  cargo:warning=Compiler family detection failed due to error: ToolNotFound: failed to find tool "clang": program not found (see https://docs.rs/cc/latest/cc/#compile-time-requirements for help)
  RUSTC_WRAPPER = None
  cargo:rerun-if-env-changed=CRATE_CC_NO_DEFAULTS
  CRATE_CC_NO_DEFAULTS = None
  DEBUG = Some(true)
  cargo:rerun-if-env-changed=CFLAGS
  CFLAGS = None
  cargo:rerun-if-env-changed=TARGET_CFLAGS
  TARGET_CFLAGS = None
  cargo:rerun-if-env-changed=CFLAGS_wasm32_unknown_unknown
  CFLAGS_wasm32_unknown_unknown = None
  cargo:rerun-if-env-changed=CFLAGS_wasm32-unknown-unknown
  CFLAGS_wasm32-unknown-unknown = None
  cargo:warning=Compiler family detection failed due to error: ToolNotFound: failed to find tool "clang": program not found (see https://docs.rs/cc/latest/cc/#compile-time-requirements for help)

  --- stderr


  error occurred in cc-rs: failed to find tool "clang": program not found (see https://docs.rs/cc/latest/cc/#compile-time-requirements for help)


warning: build failed, waiting for other jobs to finish...
