    Checking indexmap v2.12.1
    Checking serde v1.0.228
    Checking generic-array v0.14.7
    Checking mio v1.1.0
    Checking num-traits v0.2.19
   Compiling rustc_version v0.4.1
    Checking getrandom v0.3.4
    Checking tracing v0.1.41
    Checking percent-encoding v2.3.2
    Checking either v1.15.0
    Checking tinystr v0.8.2
   Compiling proc-macro-error v1.0.4
error: This wasm target is unsupported by mio. If using Tokio, disable the net feature.
  --> C:\Users\denil\.cargo\registry\src\index.crates.io-1949cf8c6b5b557f\mio-1.1.0\src\lib.rs:44:1
   |
44 | compile_error!("This wasm target is unsupported by mio. If using Tokio, disable the net feature.");
   | ^^^^^^^^^^^^^^^^^^^^^^^^^^^^^^^^^^^^^^^^^^^^^^^^^^^^^^^^^^^^^^^^^^^^^^^^^^^^^^^^^^^^^^^^^^^^^^^^^^

error: The wasm32-unknown-unknown targets are not supported by default; you may need to enable the "wasm_js" configuration flag. Note that enabling the `wasm_js` feature flag alone is insufficient. For more information see: https://docs.rs/getrandom/0.3.4/#webassembly-support
   --> C:\Users\denil\.cargo\registry\src\index.crates.io-1949cf8c6b5b557f\getrandom-0.3.4\src\backends.rs:194:17
    |
194 | /                 compile_error!(concat!(
195 | |                     "The wasm32-unknown-unknown targets are not supported by default; \
196 | |                     you may need to enable the \"wasm_js\" configuration flag. Note \
197 | |                     that enabling the `wasm_js` feature flag alone is insufficient. \
198 | |                     For more information see: \
199 | |                     https://docs.rs/getrandom/", env!("CARGO_PKG_VERSION"), "/#webassembly-support"
200 | |                 ));
    | |__________________^

error[E0425]: cannot find function `fill_inner` in module `backends`
  --> C:\Users\denil\.cargo\registry\src\index.crates.io-1949cf8c6b5b557f\getrandom-0.3.4\src\lib.rs:99:19
   |
99 |         backends::fill_inner(dest)?;
   |                   ^^^^^^^^^^ not found in `backends`

error[E0432]: unresolved import `crate::sys::IoSourceState`
  --> C:\Users\denil\.cargo\registry\src\index.crates.io-1949cf8c6b5b557f\mio-1.1.0\src\io_source.rs:14:5
   |
14 | use crate::sys::IoSourceState;
   |     ^^^^^^^^^^^^^^^^^^^^^^^^^ no `IoSourceState` in `sys`

error[E0432]: unresolved import `crate::sys::tcp`
  --> C:\Users\denil\.cargo\registry\src\index.crates.io-1949cf8c6b5b557f\mio-1.1.0\src\net\tcp\listener.rs:20:5
   |
20 |     tcp::{bind, listen, new_for_addr},
   |     ^^^ could not find `tcp` in `sys`

error[E0425]: cannot find function `inner_u32` in module `backends`
   --> C:\Users\denil\.cargo\registry\src\index.crates.io-1949cf8c6b5b557f\getrandom-0.3.4\src\lib.rs:123:15
    |
123 |     backends::inner_u32()
    |               ^^^^^^^^^ not found in `backends`
    |
help: consider importing this function
    |
 33 + use crate::util::inner_u32;
    |
help: if you import `inner_u32`, refer to it directly
    |
123 -     backends::inner_u32()
123 +     inner_u32()
    |

error[E0432]: unresolved import `crate::sys::tcp`
  --> C:\Users\denil\.cargo\registry\src\index.crates.io-1949cf8c6b5b557f\mio-1.1.0\src\net\tcp\stream.rs:17:17
   |
17 | use crate::sys::tcp::{connect, new_for_addr};
   |                 ^^^ could not find `tcp` in `sys`

error[E0425]: cannot find function `inner_u64` in module `backends`
   --> C:\Users\denil\.cargo\registry\src\index.crates.io-1949cf8c6b5b557f\getrandom-0.3.4\src\lib.rs:137:15
    |
137 |     backends::inner_u64()
    |               ^^^^^^^^^ not found in `backends`
    |
help: consider importing this function
    |
 33 + use crate::util::inner_u64;
    |
help: if you import `inner_u64`, refer to it directly
    |
137 -     backends::inner_u64()
137 +     inner_u64()
    |

error[E0433]: failed to resolve: could not find `Selector` in `sys`
   --> C:\Users\denil\.cargo\registry\src\index.crates.io-1949cf8c6b5b557f\mio-1.1.0\src\poll.rs:323:18
    |
323 |             sys::Selector::new().map(|selector| Poll {
    |                  ^^^^^^^^ could not find `Selector` in `sys`

error[E0433]: failed to resolve: could not find `event` in `sys`
  --> C:\Users\denil\.cargo\registry\src\index.crates.io-1949cf8c6b5b557f\mio-1.1.0\src\event\event.rs:24:14
   |
24 |         sys::event::token(&self.inner)
   |              ^^^^^ could not find `event` in `sys`

error[E0433]: failed to resolve: could not find `event` in `sys`
  --> C:\Users\denil\.cargo\registry\src\index.crates.io-1949cf8c6b5b557f\mio-1.1.0\src\event\event.rs:38:14
   |
38 |         sys::event::is_readable(&self.inner)
   |              ^^^^^ could not find `event` in `sys`

error[E0433]: failed to resolve: could not find `event` in `sys`
  --> C:\Users\denil\.cargo\registry\src\index.crates.io-1949cf8c6b5b557f\mio-1.1.0\src\event\event.rs:43:14
   |
43 |         sys::event::is_writable(&self.inner)
   |              ^^^^^ could not find `event` in `sys`

error[E0433]: failed to resolve: could not find `event` in `sys`
  --> C:\Users\denil\.cargo\registry\src\index.crates.io-1949cf8c6b5b557f\mio-1.1.0\src\event\event.rs:68:14
   |
68 |         sys::event::is_error(&self.inner)
   |              ^^^^^ could not find `event` in `sys`

error[E0433]: failed to resolve: could not find `event` in `sys`
  --> C:\Users\denil\.cargo\registry\src\index.crates.io-1949cf8c6b5b557f\mio-1.1.0\src\event\event.rs:99:14
   |
99 |         sys::event::is_read_closed(&self.inner)
   |              ^^^^^ could not find `event` in `sys`

error[E0433]: failed to resolve: could not find `event` in `sys`
   --> C:\Users\denil\.cargo\registry\src\index.crates.io-1949cf8c6b5b557f\mio-1.1.0\src\event\event.rs:129:14
    |
129 |         sys::event::is_write_closed(&self.inner)
    |              ^^^^^ could not find `event` in `sys`

For more information about this error, try `rustc --explain E0425`.
error[E0433]: failed to resolve: could not find `event` in `sys`
   --> C:\Users\denil\.cargo\registry\src\index.crates.io-1949cf8c6b5b557f\mio-1.1.0\src\event\event.rs:151:14
    |
151 |         sys::event::is_priority(&self.inner)
    |              ^^^^^ could not find `event` in `sys`

error[E0433]: failed to resolve: could not find `event` in `sys`
   --> C:\Users\denil\.cargo\registry\src\index.crates.io-1949cf8c6b5b557f\mio-1.1.0\src\event\event.rs:173:14
    |
173 |         sys::event::is_aio(&self.inner)
    |              ^^^^^ could not find `event` in `sys`

error[E0433]: failed to resolve: could not find `event` in `sys`
   --> C:\Users\denil\.cargo\registry\src\index.crates.io-1949cf8c6b5b557f\mio-1.1.0\src\event\event.rs:183:14
    |
183 |         sys::event::is_lio(&self.inner)
    |              ^^^^^ could not find `event` in `sys`

error: could not compile `getrandom` (lib) due to 4 previous errors
warning: build failed, waiting for other jobs to finish...
error[E0433]: failed to resolve: could not find `event` in `sys`
   --> C:\Users\denil\.cargo\registry\src\index.crates.io-1949cf8c6b5b557f\mio-1.1.0\src\event\event.rs:221:26
    |
221 |                     sys::event::debug_details(f, self.0)
    |                          ^^^^^ could not find `event` in `sys`

error[E0433]: failed to resolve: could not find `tcp` in `sys`
   --> C:\Users\denil\.cargo\registry\src\index.crates.io-1949cf8c6b5b557f\mio-1.1.0\src\net\tcp\listener.rs:110:18
    |
110 |             sys::tcp::accept(inner).map(|(stream, addr)| (TcpStream::from_std(stream), addr))
    |                  ^^^ could not find `tcp` in `sys`

error[E0433]: failed to resolve: could not find `udp` in `sys`
   --> C:\Users\denil\.cargo\registry\src\index.crates.io-1949cf8c6b5b557f\mio-1.1.0\src\net\udp.rs:126:14
    |
126 |         sys::udp::bind(addr).map(UdpSocket::from_std)
    |              ^^^ could not find `udp` in `sys`

error[E0433]: failed to resolve: could not find `udp` in `sys`
   --> C:\Users\denil\.cargo\registry\src\index.crates.io-1949cf8c6b5b557f\mio-1.1.0\src\net\udp.rs:548:14
    |
548 |         sys::udp::only_v6(&self.inner)
    |              ^^^ could not find `udp` in `sys`

error[E0412]: cannot find type `Selector` in module `sys`
   --> C:\Users\denil\.cargo\registry\src\index.crates.io-1949cf8c6b5b557f\mio-1.1.0\src\poll.rs:274:20
    |
274 |     selector: sys::Selector,
    |                    ^^^^^^^^ not found in `sys`

error[E0412]: cannot find type `Selector` in module `sys`
   --> C:\Users\denil\.cargo\registry\src\index.crates.io-1949cf8c6b5b557f\mio-1.1.0\src\poll.rs:732:44
    |
732 |     pub(crate) fn selector(&self) -> &sys::Selector {
    |                                            ^^^^^^^^ not found in `sys`

error[E0412]: cannot find type `Waker` in module `sys`
  --> C:\Users\denil\.cargo\registry\src\index.crates.io-1949cf8c6b5b557f\mio-1.1.0\src\waker.rs:79:17
   |
79 |     inner: sys::Waker,
   |                 ^^^^^ not found in `sys`
   |
help: consider importing one of these structs
   |
 1 + use crate::Waker;
   |
 1 + use std::task::Waker;
   |
help: if you import `Waker`, refer to it directly
   |
79 -     inner: sys::Waker,
79 +     inner: Waker,
   |

error[E0433]: failed to resolve: could not find `Waker` in `sys`
  --> C:\Users\denil\.cargo\registry\src\index.crates.io-1949cf8c6b5b557f\mio-1.1.0\src\waker.rs:87:14
   |
87 |         sys::Waker::new(registry.selector(), token).map(|inner| Waker { inner })
   |              ^^^^^ could not find `Waker` in `sys`
   |
help: consider importing one of these structs
   |
 1 + use crate::Waker;
   |
 1 + use std::task::Waker;
   |
help: if you import `Waker`, refer to it directly
   |
87 -         sys::Waker::new(registry.selector(), token).map(|inner| Waker { inner })
87 +         Waker::new(registry.selector(), token).map(|inner| Waker { inner })
   |

error[E0412]: cannot find type `Event` in module `sys`
  --> C:\Users\denil\.cargo\registry\src\index.crates.io-1949cf8c6b5b557f\mio-1.1.0\src\event\event.rs:18:17
   |
18 |     inner: sys::Event,
   |                 ^^^^^ not found in `sys`
   |
help: consider importing this struct through its public re-export
   |
 1 + use crate::event::Event;
   |
help: if you import `Event`, refer to it directly
   |
18 -     inner: sys::Event,
18 +     inner: Event,
   |

error[E0412]: cannot find type `Event` in module `sys`
   --> C:\Users\denil\.cargo\registry\src\index.crates.io-1949cf8c6b5b557f\mio-1.1.0\src\event\event.rs:187:55
    |
187 |     pub(crate) fn from_sys_event_ref(sys_event: &sys::Event) -> &Event {
    |                                                       ^^^^^ not found in `sys`
    |
help: consider importing this struct through its public re-export
    |
  1 + use crate::event::Event;
    |
help: if you import `Event`, refer to it directly
    |
187 -     pub(crate) fn from_sys_event_ref(sys_event: &sys::Event) -> &Event {
187 +     pub(crate) fn from_sys_event_ref(sys_event: &Event) -> &Event {
    |

error[E0412]: cannot find type `Event` in module `sys`
   --> C:\Users\denil\.cargo\registry\src\index.crates.io-1949cf8c6b5b557f\mio-1.1.0\src\event\event.rs:191:41
    |
191 |             &*(sys_event as *const sys::Event as *const Event)
    |                                         ^^^^^ not found in `sys`
    |
help: consider importing this struct through its public re-export
    |
  1 + use crate::event::Event;
    |
help: if you import `Event`, refer to it directly
    |
191 -             &*(sys_event as *const sys::Event as *const Event)
191 +             &*(sys_event as *const Event as *const Event)
    |

error[E0412]: cannot find type `Event` in module `sys`
   --> C:\Users\denil\.cargo\registry\src\index.crates.io-1949cf8c6b5b557f\mio-1.1.0\src\event\event.rs:217:46
    |
217 |             struct EventDetails<'a>(&'a sys::Event);
    |                                              ^^^^^ not found in `sys`
    |
help: consider importing this struct through its public re-export
    |
  1 + use crate::event::Event;
    |
help: if you import `Event`, refer to it directly
    |
217 -             struct EventDetails<'a>(&'a sys::Event);
217 +             struct EventDetails<'a>(&'a Event);
    |

error[E0412]: cannot find type `Events` in module `sys`
  --> C:\Users\denil\.cargo\registry\src\index.crates.io-1949cf8c6b5b557f\mio-1.1.0\src\event\events.rs:43:17
   |
43 |     inner: sys::Events,
   |                 ^^^^^^ not found in `sys`
   |
help: consider importing this struct through its public re-export
   |
 1 + use crate::Events;
   |
help: if you import `Events`, refer to it directly
   |
43 -     inner: sys::Events,
43 +     inner: Events,
   |

error[E0433]: failed to resolve: could not find `Events` in `sys`
  --> C:\Users\denil\.cargo\registry\src\index.crates.io-1949cf8c6b5b557f\mio-1.1.0\src\event\events.rs:94:25
   |
94 |             inner: sys::Events::with_capacity(capacity),
   |                         ^^^^^^ could not find `Events` in `sys`
   |
help: consider importing this struct through its public re-export
   |
 1 + use crate::Events;
   |
help: if you import `Events`, refer to it directly
   |
94 -             inner: sys::Events::with_capacity(capacity),
94 +             inner: Events::with_capacity(capacity),
   |

error[E0412]: cannot find type `Events` in module `sys`
   --> C:\Users\denil\.cargo\registry\src\index.crates.io-1949cf8c6b5b557f\mio-1.1.0\src\event\events.rs:189:47
    |
189 |     pub(crate) fn sys(&mut self) -> &mut sys::Events {
    |                                               ^^^^^^ not found in `sys`
    |
help: consider importing this struct through its public re-export
    |
  1 + use crate::Events;
    |
help: if you import `Events`, refer to it directly
    |
189 -     pub(crate) fn sys(&mut self) -> &mut sys::Events {
189 +     pub(crate) fn sys(&mut self) -> &mut Events {
    |

error[E0425]: cannot find value `listener` in this scope
  --> C:\Users\denil\.cargo\registry\src\index.crates.io-1949cf8c6b5b557f\mio-1.1.0\src\net\tcp\listener.rs:81:24
   |
81 |         set_reuseaddr(&listener.inner, true)?;
   |                        ^^^^^^^^ not found in this scope

error[E0425]: cannot find value `listener` in this scope
  --> C:\Users\denil\.cargo\registry\src\index.crates.io-1949cf8c6b5b557f\mio-1.1.0\src\net\tcp\listener.rs:83:15
   |
83 |         bind(&listener.inner, addr)?;
   |               ^^^^^^^^ not found in this scope

error[E0425]: cannot find value `listener` in this scope
  --> C:\Users\denil\.cargo\registry\src\index.crates.io-1949cf8c6b5b557f\mio-1.1.0\src\net\tcp\listener.rs:84:17
   |
84 |         listen(&listener.inner, LISTEN_BACKLOG_SIZE)?;
   |                 ^^^^^^^^ not found in this scope

error[E0425]: cannot find value `listener` in this scope
  --> C:\Users\denil\.cargo\registry\src\index.crates.io-1949cf8c6b5b557f\mio-1.1.0\src\net\tcp\listener.rs:85:12
   |
85 |         Ok(listener)
   |            ^^^^^^^^ not found in this scope

error[E0425]: cannot find value `stream` in this scope
  --> C:\Users\denil\.cargo\registry\src\index.crates.io-1949cf8c6b5b557f\mio-1.1.0\src\net\tcp\stream.rs:97:18
   |
97 |         connect(&stream.inner, addr)?;
   |                  ^^^^^^ not found in this scope

error[E0425]: cannot find value `stream` in this scope
  --> C:\Users\denil\.cargo\registry\src\index.crates.io-1949cf8c6b5b557f\mio-1.1.0\src\net\tcp\stream.rs:98:12
   |
98 |         Ok(stream)
   |            ^^^^^^ not found in this scope

error[E0433]: failed to resolve: use of unresolved module or unlinked crate `libc`
   --> C:\Users\denil\.cargo\registry\src\index.crates.io-1949cf8c6b5b557f\mio-1.1.0\src\sys\mod.rs:147:45
    |
147 | pub(crate) const LISTEN_BACKLOG_SIZE: i32 = libc::SOMAXCONN;
    |                                             ^^^^ use of unresolved module or unlinked crate `libc`
    |
    = help: if you wanted to use a crate named `libc`, use `cargo add libc` to add it to your `Cargo.toml`

error[E0425]: cannot find function `set_reuseaddr` in this scope
  --> C:\Users\denil\.cargo\registry\src\index.crates.io-1949cf8c6b5b557f\mio-1.1.0\src\net\tcp\listener.rs:81:9
   |
81 |         set_reuseaddr(&listener.inner, true)?;
   |         ^^^^^^^^^^^^^ not found in this scope

error[E0599]: no method named `register` found for struct `IoSource<std::net::TcpListener>` in the current scope
   --> C:\Users\denil\.cargo\registry\src\index.crates.io-1949cf8c6b5b557f\mio-1.1.0\src\net\tcp\listener.rs:153:20
    |
153 |         self.inner.register(registry, token, interests)
    |                    ^^^^^^^^ method not found in `IoSource<std::net::TcpListener>`
    |
   ::: C:\Users\denil\.cargo\registry\src\index.crates.io-1949cf8c6b5b557f\mio-1.1.0\src\io_source.rs:37:1
    |
 37 | pub struct IoSource<T> {
    | ---------------------- method `register` not found for this struct
    |
    = help: items from traits can only be used if the trait is implemented and in scope
note: `Source` defines an item `register`, perhaps you need to implement it
   --> C:\Users\denil\.cargo\registry\src\index.crates.io-1949cf8c6b5b557f\mio-1.1.0\src\event\source.rs:75:1
    |
 75 | pub trait Source {
    | ^^^^^^^^^^^^^^^^

error[E0599]: no method named `reregister` found for struct `IoSource<std::net::TcpListener>` in the current scope
   --> C:\Users\denil\.cargo\registry\src\index.crates.io-1949cf8c6b5b557f\mio-1.1.0\src\net\tcp\listener.rs:162:20
    |
162 |         self.inner.reregister(registry, token, interests)
    |                    ^^^^^^^^^^ method not found in `IoSource<std::net::TcpListener>`
    |
   ::: C:\Users\denil\.cargo\registry\src\index.crates.io-1949cf8c6b5b557f\mio-1.1.0\src\io_source.rs:37:1
    |
 37 | pub struct IoSource<T> {
    | ---------------------- method `reregister` not found for this struct
    |
    = help: items from traits can only be used if the trait is implemented and in scope
note: `Source` defines an item `reregister`, perhaps you need to implement it
   --> C:\Users\denil\.cargo\registry\src\index.crates.io-1949cf8c6b5b557f\mio-1.1.0\src\event\source.rs:75:1
    |
 75 | pub trait Source {
    | ^^^^^^^^^^^^^^^^

error[E0599]: no method named `deregister` found for struct `IoSource<std::net::TcpListener>` in the current scope
   --> C:\Users\denil\.cargo\registry\src\index.crates.io-1949cf8c6b5b557f\mio-1.1.0\src\net\tcp\listener.rs:166:20
    |
166 |         self.inner.deregister(registry)
    |                    ^^^^^^^^^^ method not found in `IoSource<std::net::TcpListener>`
    |
   ::: C:\Users\denil\.cargo\registry\src\index.crates.io-1949cf8c6b5b557f\mio-1.1.0\src\io_source.rs:37:1
    |
 37 | pub struct IoSource<T> {
    | ---------------------- method `deregister` not found for this struct
    |
    = help: items from traits can only be used if the trait is implemented and in scope
note: `Source` defines an item `deregister`, perhaps you need to implement it
   --> C:\Users\denil\.cargo\registry\src\index.crates.io-1949cf8c6b5b557f\mio-1.1.0\src\event\source.rs:75:1
    |
 75 | pub trait Source {
    | ^^^^^^^^^^^^^^^^

error[E0308]: mismatched types
   --> C:\Users\denil\.cargo\registry\src\index.crates.io-1949cf8c6b5b557f\mio-1.1.0\src\net\tcp\listener.rs:289:9
    |
289 | /         unsafe {
290 | |             #[cfg(any(unix, target_os = "hermit", target_os = "wasi"))]
291 | |             {
292 | |                 net::TcpListener::from_raw_fd(listener.into_raw_fd())
...   |
298 | |         }
    | |_________^ expected `TcpListener`, found `()`

error[E0599]: no method named `register` found for struct `IoSource<std::net::TcpStream>` in the current scope
   --> C:\Users\denil\.cargo\registry\src\index.crates.io-1949cf8c6b5b557f\mio-1.1.0\src\net\tcp\stream.rs:334:20
    |
334 |         self.inner.register(registry, token, interests)
    |                    ^^^^^^^^ method not found in `IoSource<std::net::TcpStream>`
    |
   ::: C:\Users\denil\.cargo\registry\src\index.crates.io-1949cf8c6b5b557f\mio-1.1.0\src\io_source.rs:37:1
    |
 37 | pub struct IoSource<T> {
    | ---------------------- method `register` not found for this struct
    |
    = help: items from traits can only be used if the trait is implemented and in scope
note: `Source` defines an item `register`, perhaps you need to implement it
   --> C:\Users\denil\.cargo\registry\src\index.crates.io-1949cf8c6b5b557f\mio-1.1.0\src\event\source.rs:75:1
    |
 75 | pub trait Source {
    | ^^^^^^^^^^^^^^^^

error[E0599]: no method named `reregister` found for struct `IoSource<std::net::TcpStream>` in the current scope
   --> C:\Users\denil\.cargo\registry\src\index.crates.io-1949cf8c6b5b557f\mio-1.1.0\src\net\tcp\stream.rs:343:20
    |
343 |         self.inner.reregister(registry, token, interests)
    |                    ^^^^^^^^^^ method not found in `IoSource<std::net::TcpStream>`
    |
   ::: C:\Users\denil\.cargo\registry\src\index.crates.io-1949cf8c6b5b557f\mio-1.1.0\src\io_source.rs:37:1
    |
 37 | pub struct IoSource<T> {
    | ---------------------- method `reregister` not found for this struct
    |
    = help: items from traits can only be used if the trait is implemented and in scope
note: `Source` defines an item `reregister`, perhaps you need to implement it
   --> C:\Users\denil\.cargo\registry\src\index.crates.io-1949cf8c6b5b557f\mio-1.1.0\src\event\source.rs:75:1
    |
 75 | pub trait Source {
    | ^^^^^^^^^^^^^^^^

error[E0599]: no method named `deregister` found for struct `IoSource<std::net::TcpStream>` in the current scope
   --> C:\Users\denil\.cargo\registry\src\index.crates.io-1949cf8c6b5b557f\mio-1.1.0\src\net\tcp\stream.rs:347:20
    |
347 |         self.inner.deregister(registry)
    |                    ^^^^^^^^^^ method not found in `IoSource<std::net::TcpStream>`
    |
   ::: C:\Users\denil\.cargo\registry\src\index.crates.io-1949cf8c6b5b557f\mio-1.1.0\src\io_source.rs:37:1
    |
 37 | pub struct IoSource<T> {
    | ---------------------- method `deregister` not found for this struct
    |
    = help: items from traits can only be used if the trait is implemented and in scope
note: `Source` defines an item `deregister`, perhaps you need to implement it
   --> C:\Users\denil\.cargo\registry\src\index.crates.io-1949cf8c6b5b557f\mio-1.1.0\src\event\source.rs:75:1
    |
 75 | pub trait Source {
    | ^^^^^^^^^^^^^^^^

error[E0308]: mismatched types
   --> C:\Users\denil\.cargo\registry\src\index.crates.io-1949cf8c6b5b557f\mio-1.1.0\src\net\tcp\stream.rs:470:9
    |
470 | /         unsafe {
471 | |             #[cfg(any(unix, target_os = "hermit", target_os = "wasi"))]
472 | |             {
473 | |                 net::TcpStream::from_raw_fd(stream.into_raw_fd())
...   |
479 | |         }
    | |_________^ expected `TcpStream`, found `()`

error[E0599]: no method named `register` found for struct `IoSource<std::net::UdpSocket>` in the current scope
   --> C:\Users\denil\.cargo\registry\src\index.crates.io-1949cf8c6b5b557f\mio-1.1.0\src\net\udp.rs:626:20
    |
626 |         self.inner.register(registry, token, interests)
    |                    ^^^^^^^^ method not found in `IoSource<std::net::UdpSocket>`
    |
   ::: C:\Users\denil\.cargo\registry\src\index.crates.io-1949cf8c6b5b557f\mio-1.1.0\src\io_source.rs:37:1
    |
 37 | pub struct IoSource<T> {
    | ---------------------- method `register` not found for this struct
    |
    = help: items from traits can only be used if the trait is implemented and in scope
note: `Source` defines an item `register`, perhaps you need to implement it
   --> C:\Users\denil\.cargo\registry\src\index.crates.io-1949cf8c6b5b557f\mio-1.1.0\src\event\source.rs:75:1
    |
 75 | pub trait Source {
    | ^^^^^^^^^^^^^^^^

error[E0599]: no method named `reregister` found for struct `IoSource<std::net::UdpSocket>` in the current scope
   --> C:\Users\denil\.cargo\registry\src\index.crates.io-1949cf8c6b5b557f\mio-1.1.0\src\net\udp.rs:635:20
    |
635 |         self.inner.reregister(registry, token, interests)
    |                    ^^^^^^^^^^ method not found in `IoSource<std::net::UdpSocket>`
    |
   ::: C:\Users\denil\.cargo\registry\src\index.crates.io-1949cf8c6b5b557f\mio-1.1.0\src\io_source.rs:37:1
    |
 37 | pub struct IoSource<T> {
    | ---------------------- method `reregister` not found for this struct
    |
    = help: items from traits can only be used if the trait is implemented and in scope
note: `Source` defines an item `reregister`, perhaps you need to implement it
   --> C:\Users\denil\.cargo\registry\src\index.crates.io-1949cf8c6b5b557f\mio-1.1.0\src\event\source.rs:75:1
    |
 75 | pub trait Source {
    | ^^^^^^^^^^^^^^^^

error[E0599]: no method named `deregister` found for struct `IoSource<std::net::UdpSocket>` in the current scope
   --> C:\Users\denil\.cargo\registry\src\index.crates.io-1949cf8c6b5b557f\mio-1.1.0\src\net\udp.rs:639:20
    |
639 |         self.inner.deregister(registry)
    |                    ^^^^^^^^^^ method not found in `IoSource<std::net::UdpSocket>`
    |
   ::: C:\Users\denil\.cargo\registry\src\index.crates.io-1949cf8c6b5b557f\mio-1.1.0\src\io_source.rs:37:1
    |
 37 | pub struct IoSource<T> {
    | ---------------------- method `deregister` not found for this struct
    |
    = help: items from traits can only be used if the trait is implemented and in scope
note: `Source` defines an item `deregister`, perhaps you need to implement it
   --> C:\Users\denil\.cargo\registry\src\index.crates.io-1949cf8c6b5b557f\mio-1.1.0\src\event\source.rs:75:1
    |
 75 | pub trait Source {
    | ^^^^^^^^^^^^^^^^

error[E0308]: mismatched types
   --> C:\Users\denil\.cargo\registry\src\index.crates.io-1949cf8c6b5b557f\mio-1.1.0\src\net\udp.rs:762:9
    |
762 | /         unsafe {
763 | |             #[cfg(any(unix, target_os = "hermit", target_os = "wasi"))]
764 | |             {
765 | |                 net::UdpSocket::from_raw_fd(socket.into_raw_fd())
...   |
771 | |         }
    | |_________^ expected `UdpSocket`, found `()`

Some errors have detailed explanations: E0308, E0412, E0425, E0432, E0433, E0599.
For more information about an error, try `rustc --explain E0308`.
error: could not compile `mio` (lib) due to 49 previous errors
