[0;33m🏛️  Iniciando Jerarquía Soberana v10...[0m
   Compiling proc-macro2 v1.0.104
   Compiling quote v1.0.42
   Compiling libc v0.2.178
   Compiling serde_core v1.0.228
   Compiling serde v1.0.228
   Compiling equivalent v1.0.2
   Compiling pin-project-lite v0.2.16
   Compiling typenum v1.19.0
   Compiling generic-array v0.14.7
   Compiling smallvec v1.15.1
   Compiling hashbrown v0.16.1
   Compiling futures-core v0.3.31
   Compiling subtle v2.6.1
   Compiling zerocopy v0.8.31
   Compiling log v0.4.29
   Compiling libm v0.2.15
   Compiling const-oid v0.9.6
   Compiling num-traits v0.2.19
   Compiling thiserror v1.0.69
   Compiling stable_deref_trait v1.2.1
   Compiling parking_lot_core v0.9.12
   Compiling futures-sink v0.3.31
   Compiling zmij v1.0.8
   Compiling scopeguard v1.2.0
   Compiling futures-channel v0.3.31
   Compiling lock_api v0.4.14
   Compiling getrandom v0.3.4
   Compiling slab v0.4.11
   Compiling pin-utils v0.1.0
   Compiling aho-corasick v1.1.4
   Compiling futures-io v0.3.31
   Compiling syn v2.0.112
   Compiling getrandom v0.2.16
   Compiling jobserver v0.1.34
   Compiling futures-task v0.3.31
   Compiling rand_core v0.6.4
   Compiling cc v1.2.51
   Compiling errno v0.3.14
   Compiling rustversion v1.0.22
   Compiling unicase v2.8.1
   Compiling signal-hook-registry v1.4.8
   Compiling mio v1.1.1
   Compiling socket2 v0.6.1
   Compiling indexmap v2.12.1
   Compiling serde_json v1.0.148
   Compiling percent-encoding v2.3.2
   Compiling tracing-core v0.1.36
   Compiling httparse v1.10.1
   Compiling wasm-bindgen-shared v0.2.106
   Compiling siphasher v1.0.1
   Compiling either v1.15.0
   Compiling phf_shared v0.11.3
   Compiling litemap v0.8.1
   Compiling unicode-xid v0.2.6
   Compiling ident_case v1.0.1
   Compiling writeable v0.6.2
   Compiling spin v0.9.8
   Compiling pkg-config v0.3.32
   Compiling icu_normalizer_data v2.1.1
   Compiling base64ct v1.8.1
   Compiling icu_properties_data v2.1.2
   Compiling bumpalo v3.19.1
   Compiling wasm-bindgen v0.2.106
   Compiling cpufeatures v0.2.17
   Compiling base64 v0.22.1
   Compiling form_urlencoded v1.2.2
   Compiling tower-service v0.3.3
   Compiling same-file v1.0.6
   Compiling mime v0.3.17
   Compiling walkdir v2.5.0
   Compiling allocator-api2 v0.2.21
   Compiling regex-syntax v0.8.8
   Compiling fnv v1.0.7
   Compiling parking_lot v0.12.5
   Compiling minimal-lexical v0.2.1
   Compiling tower-layer v0.3.3
   Compiling utf8_iter v1.0.4
   Compiling lazy_static v1.5.0
   Compiling sync_wrapper v1.0.2
   Compiling ahash v0.8.12
   Compiling synstructure v0.13.2
   Compiling wasm-bindgen-macro-support v0.2.106
   Compiling crossbeam-utils v0.8.21
   Compiling winnow v0.7.14
   Compiling new_debug_unreachable v1.0.6
   Compiling proc-macro-error-attr v1.0.4
   Compiling strsim v0.11.1
   Compiling httpdate v1.0.3
   Compiling try-lock v0.2.5
   Compiling want v0.3.1
   Compiling rand v0.8.5
   Compiling zstd-sys v2.0.16+zstd.1.5.7
   Compiling pem-rfc7468 v0.7.0
   Compiling itertools v0.12.1
   Compiling proc-macro-error v1.0.4
   Compiling proc-macro2-diagnostics v0.10.1
   Compiling multer v3.1.0
   Compiling unicode-segmentation v1.12.0
   Compiling atomic-waker v1.1.2
   Compiling regex-automata v0.4.13
   Compiling serde_derive v1.0.228
   Compiling zeroize_derive v1.4.3
   Compiling zeroize v1.8.2
   Compiling zerocopy-derive v0.8.31
   Compiling thiserror-impl v1.0.69
   Compiling futures-macro v0.3.31
   Compiling zerofrom-derive v0.1.6
   Compiling crypto-common v0.1.7
   Compiling block-buffer v0.10.4
   Compiling digest v0.10.7
   Compiling yoke-derive v0.8.1
   Compiling futures-util v0.3.31
   Compiling tokio-macros v2.6.0
   Compiling zerovec-derive v0.11.2
   Compiling zerofrom v0.1.6
   Compiling displaydoc v0.2.5
   Compiling tracing-attributes v0.1.31
   Compiling yoke v0.8.1
   Compiling wasm-bindgen-macro v0.2.106
   Compiling zerotrie v0.2.3
   Compiling zerovec v0.11.5
   Compiling bytes v1.11.0
   Compiling tinystr v0.8.2
   Compiling potential_utf v0.1.4
   Compiling ppv-lite86 v0.2.21
   Compiling tracing v0.1.44
   Compiling icu_collections v2.1.1
   Compiling icu_locale_core v2.1.1
   Compiling http v1.4.0
   Compiling tokio v1.48.0
   Compiling js-sys v0.3.83
   Compiling async-trait v0.1.89
   Compiling byteorder v1.5.0
   Compiling icu_provider v2.1.1
   Compiling precomputed-hash v0.1.1
   Compiling http-body v1.0.1
   Compiling icu_normalizer v2.1.1
   Compiling icu_properties v2.1.2
   Compiling http-body-util v0.1.3
   Compiling hashbrown v0.14.5
   Compiling futures-executor v0.3.31
   Compiling regex v1.12.2
   Compiling der v0.7.10
   Compiling convert_case v0.6.0
   Compiling idna_adapter v1.2.1
   Compiling idna v1.1.0
   Compiling phf_generator v0.11.3
   Compiling url v2.5.7
   Compiling ring v0.17.14
   Compiling encoding_rs v0.8.35
   Compiling yansi v1.0.1
   Compiling spki v0.7.3
   Compiling futures v0.3.31
   Compiling half v2.7.1
   Compiling hmac v0.12.1
   Compiling const_format_proc_macros v0.2.34
   Compiling num-integer v0.1.46
   Compiling web-sys v0.3.83
   Compiling ciborium-io v0.2.2
   Compiling thiserror v2.0.17
   Compiling ciborium-ll v0.2.2
   Compiling hyper v1.8.1
   Compiling tower v0.5.2
   Compiling const_format v0.2.35
   Compiling wasm-bindgen-futures v0.4.56
   Compiling pkcs8 v0.10.2
   Compiling syn_derive v0.1.8
   Compiling rand_chacha v0.3.1
   Compiling thiserror-impl v2.0.17
   Compiling pin-project-internal v1.1.10
   Compiling proc-macro-utils v0.10.0
   Compiling proc-macro-utils v0.8.0
   Compiling dirs-sys-next v0.1.2
   Compiling xxhash-rust v0.8.15
   Compiling anyhow v1.0.100
   Compiling camino v1.2.2
   Compiling utf-8 v0.7.6
   Compiling glob v0.3.3
   Compiling crunchy v0.2.4
   Compiling untrusted v0.9.0
   Compiling manyhow-macros v0.10.4
   Compiling server_fn_macro v0.6.15
   Compiling clang-sys v1.8.1
   Compiling dirs-next v2.0.0
   Compiling quote-use-macros v0.8.4
   Compiling pin-project v1.1.10
   Compiling ciborium v0.2.2
   Compiling dashmap v5.5.3
   Compiling rustls-pki-types v1.13.2
   Compiling object v0.32.2
   Compiling slotmap v1.1.1
   Compiling paste v1.0.15
   Compiling tiny-keccak v2.0.2
   Compiling quote-use v0.8.4
   Compiling manyhow v0.10.4
   Compiling term v0.7.0
   Compiling axum-core v0.4.5
   Compiling serde_spanned v0.6.9
   Compiling toml_datetime v0.6.11
   Compiling inout v0.1.4
   Compiling darling_core v0.21.3
   Compiling matchit v0.7.3
   Compiling fixedbitset v0.4.2
   Compiling toml_write v0.1.2
   Compiling interpolator v0.5.0
   Compiling utf8-width v0.1.8
   Compiling syn v1.0.109
   Compiling collection_literals v1.0.3
   Compiling bit-vec v0.6.3
   Compiling ipnet v2.11.0
   Compiling prettyplease v0.2.37
   Compiling ena v0.14.3
   Compiling bit-set v0.5.3
   Compiling attribute-derive-macro v0.9.2
   Compiling html-escape v0.2.13
   Compiling axum v0.7.9
   Compiling ar_archive_writer v0.2.0
   Compiling toml_edit v0.22.27
   Compiling psm v0.1.28
   Compiling petgraph v0.6.5
   Compiling cipher v0.4.4
   Compiling darling_macro v0.21.3
   Compiling rstml v0.11.2
   Compiling ascii-canvas v3.0.0
   Compiling server_fn_macro_default v0.6.15
   Compiling serde-wasm-bindgen v0.6.5
   Compiling phf_macros v0.11.3
   Compiling phf_codegen v0.11.3
   Compiling string_cache_codegen v0.5.4
   Compiling lalrpop-util v0.20.2
   Compiling string_cache v0.8.9
   Compiling tower v0.4.13
   Compiling serde_qs v0.12.0
   Compiling oco_ref v0.1.1
   Compiling sha2 v0.10.9
   Compiling derive-where v1.6.0
   Compiling nom v7.1.3
   Compiling itertools v0.11.0
   Compiling proc-macro-error-attr2 v2.0.0
   Compiling rand_core v0.9.3
   Compiling send_wrapper v0.6.0
   Compiling libloading v0.8.9
   Compiling alloc-no-stdlib v2.0.4
   Compiling rustc-hash v1.1.0
   Compiling zstd-safe v7.2.4
   Compiling heapless v0.8.0
   Compiling rustls v0.23.35
   Compiling vcpkg v0.2.15
   Compiling pico-args v0.5.0
   Compiling inventory v0.3.21
   Compiling self_cell v1.2.2
   Compiling crc32fast v1.5.0
   Compiling bindgen v0.72.1
   Compiling lalrpop v0.20.2
   Compiling cexpr v0.6.0
   Compiling alloc-stdlib v0.2.2
   Compiling rand_chacha v0.9.0
   Compiling attribute-derive v0.9.2
   Compiling libz-sys v1.1.23
   Compiling proc-macro-error2 v2.0.1
   Compiling web_atoms v0.1.3
   Compiling phf v0.11.3
   Compiling rustls-webpki v0.103.8
   Compiling toml v0.8.23
   Compiling uuid v1.19.0
   Compiling leptos_hot_reload v0.6.15
   Compiling gloo-utils v0.2.0
   Compiling gloo-net v0.6.0
   Compiling leptos_reactive v0.6.15
   Compiling darling v0.21.3
   Compiling hash32 v0.3.1
   Compiling signature v2.2.0
   Compiling sha1 v0.10.6
   Compiling typed-builder-macro v0.18.2
   Compiling concurrent-queue v2.5.0
   Compiling crossbeam-epoch v0.9.18
   Compiling wasm-streams v0.4.2
   Compiling bzip2-sys v0.1.13+1.0.8
   Compiling lz4-sys v1.11.1+lz4-1.10.0
   Compiling stacker v0.1.22
   Compiling ff v0.13.1
   Compiling matrixmultiply v0.3.10
   Compiling rayon-core v1.13.0
   Compiling server_fn v0.6.15
   Compiling bitflags v2.10.0
   Compiling ucd-trie v0.1.7
   Compiling pathdiff v0.2.3
   Compiling strsim v0.10.0
   Compiling ryu v1.0.22
   Compiling base16ct v0.2.0
   Compiling adler2 v2.0.1
   Compiling mac v0.1.1
   Compiling simd-adler32 v0.3.8
   Compiling rustc-hash v2.1.1
   Compiling tinyvec_macros v0.1.1
   Compiling miniz_oxide v0.8.9
   Compiling tinyvec v1.10.0
   Compiling config v0.14.1
   Compiling futf v0.1.5
   Compiling sec1 v0.7.3
   Compiling darling_core v0.14.4
   Compiling pest v2.8.4
   Compiling group v0.13.0
   Compiling typed-builder v0.18.2
   Compiling crossbeam-deque v0.8.6
   Compiling leptos_macro v0.6.15
   Compiling serde_with_macros v3.16.1
   Compiling rand v0.9.2
   Compiling cedar-policy-core v2.4.2
   Compiling brotli-decompressor v5.0.0
   Compiling hkdf v0.12.4
   Compiling crypto-bigint v0.5.5
   Compiling toml_parser v1.0.6+spec-1.1.0
   Compiling async-recursion v1.1.1
   Compiling miette-derive v5.10.0
   Compiling darling_core v0.23.0
   Compiling itertools v0.10.5
   Compiling drain_filter_polyfill v0.1.3
   Compiling unicode-width v0.1.14
   Compiling powerfmt v0.2.0
   Compiling parking v2.2.1
   Compiling heck v0.5.0
   Compiling toml_datetime v0.7.5+spec-1.1.0
   Compiling num-conv v0.1.0
   Compiling rawpointer v0.2.1
   Compiling pad-adapter v0.1.1
   Compiling rustix v1.1.3
   Compiling data-encoding v2.9.0
   Compiling foldhash v0.1.5
   Compiling time-core v0.1.6
   Compiling semver v1.0.27
   Compiling time-macros v0.2.24
   Compiling rustc_version v0.4.1
   Compiling hashbrown v0.15.5
   Compiling leptos_dom v0.6.15
   Compiling toml_edit v0.23.10+spec-1.0.0
   Compiling darling_macro v0.23.0
   Compiling strum_macros v0.27.2
   Compiling event-listener v5.4.1
   Compiling deranged v0.5.5
   Compiling miette v5.10.0
   Compiling elliptic-curve v0.13.8
   Compiling async-graphql-value v7.1.0
   Compiling surrealdb-librocksdb-sys v0.17.3+10.6.2
   Compiling brotli v8.0.2
   Compiling flate2 v1.1.5
   Compiling leptos_server v0.6.15
   Compiling serde_with v3.16.1
   Compiling darling_macro v0.14.4
   Compiling zstd v0.13.3
   Compiling rstar v0.12.2
   Compiling leptos_config v0.6.15
   Compiling unicode-normalization v0.1.25
   Compiling tendril v0.4.3
   Compiling serde_urlencoded v0.7.1
   Compiling webpki-roots v1.0.5
   Compiling smol_str v0.2.2
   Compiling password-hash v0.5.0
   Compiling rustc_lexer v0.1.0
   Compiling approx v0.4.0
   Compiling rmp v0.8.15
   Compiling approx v0.5.1
   Compiling num-complex v0.4.6
   Compiling mime_guess v2.0.5
   Compiling indexmap v1.9.3
   Compiling rust_decimal v1.39.0
   Compiling unicode-script v0.5.8
   Compiling arrayvec v0.7.6
   Compiling compression-core v0.4.31
   Compiling ref-cast v1.0.25
   Compiling robust v1.2.0
   Compiling iana-time-zone v0.1.64
   Compiling fastrand v2.3.0
   Compiling linux-raw-sys v0.11.0
   Compiling dtoa v1.0.11
   Compiling chrono v0.4.42
   Compiling unicode-security v0.1.2
   Compiling spade v2.15.0
   Compiling dtoa-short v0.3.5
   Compiling compression-codecs v0.4.35
   Compiling earcutr v0.4.3
   Compiling ndarray v0.15.6
   Compiling geo-types v0.7.18
   Compiling markup5ever v0.35.0
   Compiling leptos v0.6.15
   Compiling rayon v1.11.0
   Compiling darling v0.14.4
   Compiling async-graphql-parser v7.1.0
   Compiling strum v0.27.2
   Compiling time v0.3.44
   Compiling event-listener-strategy v0.5.4
   Compiling darling v0.23.0
   Compiling proc-macro-crate v3.4.0
   Compiling curve25519-dalek v4.1.3
   Compiling tokio-rustls v0.26.4
   Compiling hyper-util v0.1.19
   Compiling tokio-util v0.7.17
   Compiling num-bigint v0.4.6
   Compiling rfc6979 v0.4.0
   Compiling match_token v0.35.0
   Compiling cssparser-macros v0.6.1
   Compiling ref-cast-impl v1.0.25
   Compiling pem v3.0.6
   Compiling blake3 v1.8.2
   Compiling geographiclib-rs v0.2.5
   Compiling thread_local v1.1.9
   Compiling snap v1.1.1
   Compiling fst v0.4.7
   Compiling num-bigint-dig v0.8.6
   Compiling float_next_after v1.0.0
   Compiling Inflector v0.11.4
   Compiling hashbrown v0.12.3
   Compiling bytemuck v1.24.0
   Compiling geo v0.28.0
   Compiling roaring v0.10.12
   Compiling async-graphql-derive v7.1.0
   Compiling cssparser v0.35.0
   Compiling simple_asn1 v0.6.3
   Compiling html5ever v0.35.0
   Compiling ecdsa v0.16.9
   Compiling async-channel v2.5.0
   Compiling cached_proc_macro v0.18.1
   Compiling leptos_meta v0.6.15
   Compiling tempfile v3.24.0
   Compiling cedar-policy-validator v2.4.2
   Compiling async-compression v0.4.36
   Compiling rmp-serde v1.3.1
   Compiling pbkdf2 v0.12.2
   Compiling primeorder v0.13.6
   Compiling salsa20 v0.10.2
   Compiling blowfish v0.9.1
   Compiling num-iter v0.1.45
   Compiling serde_test v1.0.177
   Compiling blake2 v0.10.6
   Compiling revision-derive v0.11.0
   Compiling curve25519-dalek-derive v0.1.1
   Compiling itertools v0.14.0
   Compiling noisy_float v0.2.0
   Compiling num_cpus v1.17.0
   Compiling asynk-strim v0.1.5
   Compiling futures-lite v2.6.1
   Compiling nibble_vec v0.1.0
   Compiling instant v0.1.13
   Compiling iri-string v0.7.10
   Compiling humantime v2.3.0
   Compiling hashbrown v0.13.2
   Compiling urlencoding v2.1.3
   Compiling endian-type v0.1.2
   Compiling async-task v4.7.1
   Compiling static_assertions_next v1.1.2
   Compiling arrayref v0.3.9
   Compiling constant_time_eq v0.3.1
   Compiling futures-timer v3.0.3
   Compiling maplit v1.0.2
   Compiling http-range-header v0.4.2
   Compiling any_ascii v0.3.3
   Compiling psl-types v2.0.11
   Compiling surrealdb-core v2.4.0
   Compiling cached_proc_macro_types v0.1.1
   Compiling trice v0.4.0
   Compiling cached v0.45.1
   Compiling dmp v0.2.3
   Compiling addr v0.15.6
   Compiling async-graphql v7.1.0
   Compiling tower-http v0.6.8
   Compiling lexicmp v0.1.0
   Compiling ammonia v4.1.2
   Compiling async-executor v1.13.3
   Compiling radix_trie v0.2.1
   Compiling object_store v0.12.4
   Compiling affinitypool v0.3.1
   Compiling ndarray-stats v0.5.1
   Compiling revision v0.11.0
   Compiling linear-map v1.2.0
   Compiling cedar-policy v2.4.2
   Compiling argon2 v0.5.3
   Compiling bcrypt v0.15.1
   Compiling scrypt v0.11.0
   Compiling ext-sort v0.1.5
   Compiling leptos_integration_utils v0.6.15
   Compiling jsonwebtoken v9.3.1
   Compiling fuzzy-matcher v0.3.7
error: failed to run custom build command for `surrealdb-librocksdb-sys v0.17.3+10.6.2`

Caused by:
  process didn't exit successfully: `/home/tdy/Documentos/rocky/target/debug/build/surrealdb-librocksdb-sys-a62ebacb472e231e/build-script-build` (exit status: 101)
  --- stderr

  thread 'main' (159122) panicked at /home/tdy/.cargo/registry/src/index.crates.io-1949cf8c6b5b557f/bindgen-0.72.1/lib.rs:616:27:
  Unable to find libclang: "couldn't find any valid shared libraries matching: ['libclang.so', 'libclang-*.so', 'libclang.so.*', 'libclang-*.so.*'], set the `LIBCLANG_PATH` environment variable to a path where one of these files can be found (invalid: [])"
  note: run with `RUST_BACKTRACE=1` environment variable to display a backtrace
warning: build failed, waiting for other jobs to finish...
