[0;33m🏹 Detectando sistema operativo...[0m
[0;34mDetected Fedora. Installing development tools...[0m
Argumento “groupinstall” desconocido para la instrucción “dnf5”. Añada "--help" para más información sobre los argumentos.
Podría ser un comando provisto por un plugin, intente ejecutar: dnf5 install 'dnf5-command(groupinstall)'
Actualizando y cargando repositorios:
 Fedora 43 - x86_64 - Updates           100% | 101.3 KiB/s |  50.4 KiB |  00m00s
Repositorios cargados.
Paquete          Arq.   Versión         Repositorio    Tamaño
Instalando:
 gcc             x86_64 15.2.1-7.fc43   updates     112.0 MiB
 gcc-c++         x86_64 15.2.1-7.fc43   updates      41.4 MiB
Instalando dependencias:
 glibc-devel     x86_64 2.42-9.fc43     updates       2.3 MiB
 kernel-headers  x86_64 6.18.3-200.fc43 updates       6.8 MiB
 libstdc++-devel x86_64 15.2.1-7.fc43   updates      37.3 MiB
 libxcrypt-devel x86_64 4.5.2-1.fc43    updates      31.1 KiB
 make            x86_64 1:4.4.1-11.fc43 fedora        1.8 MiB

Resumen de la transacción:
 Instalando:          7 paquetes

El tamaño total de paquetes entrantes es 63 MiB. Se necesita descargar 63 MiB.
Después de esta operación, 202 MiB extra serán utilizados (instalar 202 MiB, eliminar 0 B).
[1/7] make-1:4.4.1-11.fc43.x86_64       100% | 253.2 KiB/s | 585.2 KiB |  00m02s
[2/7] gcc-c++-0:15.2.1-7.fc43.x86_64    100% |   4.3 MiB/s |  15.3 MiB |  00m04s
[3/7] glibc-devel-0:2.42-9.fc43.x86_64  100% |   1.3 MiB/s | 568.5 KiB |  00m00s
[4/7] kernel-headers-0:6.18.3-200.fc43. 100% |   1.5 MiB/s |   1.7 MiB |  00m01s
[5/7] libxcrypt-devel-0:4.5.2-1.fc43.x8 100% | 159.4 KiB/s |  30.0 KiB |  00m00s
[6/7] libstdc++-devel-0:15.2.1-7.fc43.x 100% |   1.6 MiB/s |   5.3 MiB |  00m03s
[7/7] gcc-0:15.2.1-7.fc43.x86_64        100% |   4.8 MiB/s |  39.7 MiB |  00m08s
--------------------------------------------------------------------------------
[7/7] Total                             100% |   7.3 MiB/s |  63.2 MiB |  00m09s
Ejecutando transacción
[1/9] Verificar archivos de paquete     100% |  12.0   B/s |   7.0   B |  00m01s
[2/9] Preparar transacción             100% |  15.0   B/s |   7.0   B |  00m00s
[3/9] Instalando kernel-headers-0:6.18. 100% |  20.1 MiB/s |   6.9 MiB |  00m00s
[4/9] Instalando glibc-devel-0:2.42-9.f 100% |  14.4 MiB/s |   2.4 MiB |  00m00s
[5/9] Instalando libxcrypt-devel-0:4.5. 100% | 245.8 KiB/s |  33.4 KiB |  00m00s
[6/9] Instalando libstdc++-devel-0:15.2 100% |  34.5 MiB/s |  37.5 MiB |  00m01s
[7/9] Instalando make-1:4.4.1-11.fc43.x 100% | 568.6 KiB/s |   1.8 MiB |  00m03s
[8/9] Instalando gcc-0:15.2.1-7.fc43.x8 100% |  47.2 MiB/s | 112.1 MiB |  00m02s
[9/9] Instalando gcc-c++-0:15.2.1-7.fc4 100% |   4.1 MiB/s |  41.4 MiB |  00m10s
¡Completado!
